Arguments: 
  C:\Program Files\nodejs\node.exe C:\Users\Sehwag\AppData\Roaming\npm\node_modules\yarn\bin\yarn.js add @react-navigation/native-stack

PATH: 
  C:\Python311\Scripts\;C:\Python311\;C:\Program Files (x86)\VMware\VMware Player\bin\;C:\Python39\Scripts\;C:\Python39\;C:\Program Files (x86)\Intel\iCLS Client\;C:\Program Files\Intel\iCLS Client\;C:\WINDOWS\system32;C:\WINDOWS;C:\WINDOWS\System32\Wbem;C:\WINDOWS\System32\WindowsPowerShell\v1.0\;C:\Program Files (x86)\Intel\Intel(R) Management Engine Components\DAL;C:\Program Files\Intel\Intel(R) Management Engine Components\DAL;C:\Program Files (x86)\Intel\Intel(R) Management Engine Components\IPT;C:\Program Files\Intel\Intel(R) Management Engine Components\IPT;c:\Program Files\Intel\WiFi\bin\;c:\Program Files\Common Files\Intel\WirelessCommon\;C:\WINDOWS\System32\OpenSSH\;C:\Program Files\Microsoft VS Code\bin;C:\Program Files\Git\cmd;C:\ProgramData\chocolatey\bin;C:\Program Files\MySQL\MySQL Server 8.0\bin;C:\Program Files\nodejs\;C:\Program Files\MySQL\MySQL Shell 8.0\bin\;C:\Users\Sehwag\AppData\Local\Programs\Python\Python39\Scripts\;C:\Users\Sehwag\AppData\Local\Programs\Python\Python39\;C:\Users\Sehwag\AppData\Local\Microsoft\WindowsApps;C:\Program Files\MongoDB\Server\5.0\bin;C:\Program Files\heroku\bin;C:\Users\Sehwag\AppData\Roaming\npm

Yarn version: 
  1.22.17

Node version: 
  18.15.0

Platform: 
  win32 x64

Trace: 
  Error: EBUSY: resource busy or locked, copyfile 'C:\Users\Sehwag\AppData\Local\Yarn\Cache\v6\npm-react-native-0.71.8-4314145341c49448cf7465b93ced52a433a5e191-integrity\node_modules\react-native\ReactAndroid\src\main\jni\react\fabric\BUCK' -> 'C:\Users\Sehwag\Desktop\Program\react_native proj\explorer\node_modules\react-native\ReactAndroid\src\main\jni\react\fabric\BUCK'

npm manifest: 
  {
    "name": "explorer",
    "version": "1.0.0",
    "main": "node_modules/expo/AppEntry.js",
    "scripts": {
      "start": "expo start",
      "android": "expo start --android",
      "ios": "expo start --ios",
      "web": "expo start --web"
    },
    "dependencies": {
      "expo": "~48.0.15",
      "expo-status-bar": "~1.4.4",
      "react": "18.2.0",
      "react-native": "0.71.8"
    },
    "devDependencies": {
      "@babel/core": "^7.20.0"
    },
    "private": true
  }

yarn manifest: 
  No manifest

Lockfile: 
  No lockfile
